<?xml version="1.0" encoding="UTF-8"?>
<testsuite name="SILab2Test" tests="2" skipped="0" failures="0" errors="0" timestamp="2025-05-17T12:35:22" hostname="DESKTOP-JOQ2HL2" time="0.017">
  <properties/>
  <testcase name="everyStatementTest()" classname="SILab2Test" time="0.015"/>
  <testcase name="multipleConditionTest()" classname="SILab2Test" time="0.0"/>
  <system-out><![CDATA[]]></system-out>
  <system-err><![CDATA[]]></system-err>
</testsuite>
